{"/home/vadim/WebstormProjects/post-creator-from-maximarkets-socket-data/app.js": {"path":"/home/vadim/WebstormProjects/post-creator-from-maximarkets-socket-data/app.js","statementMap":{"0":{"start":{"line":1,"column":21},"end":{"line":1,"column":38}},"1":{"start":{"line":2,"column":10},"end":{"line":2,"column":27}},"2":{"start":{"line":3,"column":18},"end":{"line":3,"column":33}},"3":{"start":{"line":5,"column":44},"end":{"line":5,"column":66}},"4":{"start":{"line":6,"column":45},"end":{"line":6,"column":74}},"5":{"start":{"line":7,"column":26},"end":{"line":7,"column":54}},"6":{"start":{"line":8,"column":26},"end":{"line":8,"column":54}},"7":{"start":{"line":9,"column":59},"end":{"line":9,"column":81}},"8":{"start":{"line":10,"column":21},"end":{"line":10,"column":56}},"9":{"start":{"line":12,"column":17},"end":{"line":34,"column":3}},"10":{"start":{"line":13,"column":16},"end":{"line":13,"column":17}},"11":{"start":{"line":14,"column":20},"end":{"line":14,"column":32}},"12":{"start":{"line":15,"column":19},"end":{"line":15,"column":38}},"13":{"start":{"line":17,"column":4},"end":{"line":33,"column":6}},"14":{"start":{"line":20,"column":12},"end":{"line":22,"column":13}},"15":{"start":{"line":21,"column":16},"end":{"line":21,"column":34}},"16":{"start":{"line":23,"column":12},"end":{"line":23,"column":37}},"17":{"start":{"line":24,"column":12},"end":{"line":24,"column":30}},"18":{"start":{"line":25,"column":12},"end":{"line":25,"column":27}},"19":{"start":{"line":28,"column":12},"end":{"line":28,"column":34}},"20":{"start":{"line":31,"column":12},"end":{"line":31,"column":22}},"21":{"start":{"line":39,"column":4},"end":{"line":48,"column":5}},"22":{"start":{"line":40,"column":27},"end":{"line":40,"column":45}},"23":{"start":{"line":41,"column":32},"end":{"line":41,"column":60}},"24":{"start":{"line":43,"column":8},"end":{"line":45,"column":55}},"25":{"start":{"line":44,"column":30},"end":{"line":44,"column":67}},"26":{"start":{"line":45,"column":30},"end":{"line":45,"column":53}},"27":{"start":{"line":47,"column":8},"end":{"line":47,"column":25}},"28":{"start":{"line":52,"column":4},"end":{"line":52,"column":80}},"29":{"start":{"line":53,"column":4},"end":{"line":74,"column":5}},"30":{"start":{"line":54,"column":21},"end":{"line":54,"column":38}},"31":{"start":{"line":55,"column":29},"end":{"line":55,"column":122}},"32":{"start":{"line":55,"column":74},"end":{"line":55,"column":121}},"33":{"start":{"line":56,"column":21},"end":{"line":56,"column":56}},"34":{"start":{"line":57,"column":26},"end":{"line":57,"column":53}},"35":{"start":{"line":58,"column":24},"end":{"line":58,"column":62}},"36":{"start":{"line":59,"column":29},"end":{"line":59,"column":65}},"37":{"start":{"line":60,"column":21},"end":{"line":60,"column":88}},"38":{"start":{"line":61,"column":34},"end":{"line":61,"column":103}},"39":{"start":{"line":62,"column":8},"end":{"line":66,"column":9}},"40":{"start":{"line":63,"column":12},"end":{"line":63,"column":30}},"41":{"start":{"line":64,"column":12},"end":{"line":64,"column":129}},"42":{"start":{"line":65,"column":12},"end":{"line":65,"column":30}},"43":{"start":{"line":68,"column":8},"end":{"line":73,"column":9}},"44":{"start":{"line":69,"column":12},"end":{"line":69,"column":73}},"45":{"start":{"line":70,"column":12},"end":{"line":70,"column":74}},"46":{"start":{"line":72,"column":12},"end":{"line":72,"column":29}},"47":{"start":{"line":77,"column":0},"end":{"line":88,"column":6}},"48":{"start":{"line":78,"column":4},"end":{"line":87,"column":5}},"49":{"start":{"line":79,"column":31},"end":{"line":79,"column":49}},"50":{"start":{"line":80,"column":8},"end":{"line":82,"column":69}},"51":{"start":{"line":81,"column":30},"end":{"line":81,"column":53}},"52":{"start":{"line":82,"column":30},"end":{"line":82,"column":67}},"53":{"start":{"line":84,"column":8},"end":{"line":84,"column":74}},"54":{"start":{"line":86,"column":8},"end":{"line":86,"column":25}},"55":{"start":{"line":90,"column":12},"end":{"line":106,"column":34}},"56":{"start":{"line":91,"column":4},"end":{"line":105,"column":9}},"57":{"start":{"line":92,"column":8},"end":{"line":104,"column":9}},"58":{"start":{"line":92,"column":21},"end":{"line":92,"column":22}},"59":{"start":{"line":93,"column":12},"end":{"line":93,"column":56}},"60":{"start":{"line":94,"column":36},"end":{"line":94,"column":59}},"61":{"start":{"line":95,"column":12},"end":{"line":102,"column":13}},"62":{"start":{"line":96,"column":16},"end":{"line":98,"column":17}},"63":{"start":{"line":97,"column":20},"end":{"line":97,"column":54}},"64":{"start":{"line":99,"column":16},"end":{"line":99,"column":84}},"65":{"start":{"line":100,"column":16},"end":{"line":100,"column":64}},"66":{"start":{"line":101,"column":16},"end":{"line":101,"column":21}},"67":{"start":{"line":103,"column":12},"end":{"line":103,"column":70}},"68":{"start":{"line":103,"column":41},"end":{"line":103,"column":68}},"69":{"start":{"line":108,"column":0},"end":{"line":108,"column":12}}},"fnMap":{"0":{"name":"(anonymous_0)","decl":{"start":{"line":12,"column":17},"end":{"line":12,"column":18}},"loc":{"start":{"line":12,"column":29},"end":{"line":34,"column":1}},"line":12},"1":{"name":"(anonymous_1)","decl":{"start":{"line":18,"column":17},"end":{"line":18,"column":18}},"loc":{"start":{"line":18,"column":29},"end":{"line":26,"column":9}},"line":18},"2":{"name":"(anonymous_2)","decl":{"start":{"line":27,"column":17},"end":{"line":27,"column":18}},"loc":{"start":{"line":27,"column":29},"end":{"line":29,"column":9}},"line":27},"3":{"name":"(anonymous_3)","decl":{"start":{"line":30,"column":20},"end":{"line":30,"column":21}},"loc":{"start":{"line":30,"column":32},"end":{"line":32,"column":9}},"line":30},"4":{"name":"getValidSignals","decl":{"start":{"line":38,"column":15},"end":{"line":38,"column":30}},"loc":{"start":{"line":38,"column":33},"end":{"line":49,"column":1}},"line":38},"5":{"name":"(anonymous_5)","decl":{"start":{"line":44,"column":20},"end":{"line":44,"column":21}},"loc":{"start":{"line":44,"column":30},"end":{"line":44,"column":67}},"line":44},"6":{"name":"(anonymous_6)","decl":{"start":{"line":45,"column":20},"end":{"line":45,"column":21}},"loc":{"start":{"line":45,"column":30},"end":{"line":45,"column":53}},"line":45},"7":{"name":"createAndBroadcastPost","decl":{"start":{"line":51,"column":15},"end":{"line":51,"column":37}},"loc":{"start":{"line":51,"column":60},"end":{"line":75,"column":1}},"line":51},"8":{"name":"(anonymous_8)","decl":{"start":{"line":55,"column":57},"end":{"line":55,"column":58}},"loc":{"start":{"line":55,"column":74},"end":{"line":55,"column":121}},"line":55},"9":{"name":"(anonymous_9)","decl":{"start":{"line":77,"column":11},"end":{"line":77,"column":12}},"loc":{"start":{"line":77,"column":23},"end":{"line":88,"column":1}},"line":77},"10":{"name":"(anonymous_10)","decl":{"start":{"line":81,"column":20},"end":{"line":81,"column":21}},"loc":{"start":{"line":81,"column":30},"end":{"line":81,"column":53}},"line":81},"11":{"name":"(anonymous_11)","decl":{"start":{"line":82,"column":20},"end":{"line":82,"column":21}},"loc":{"start":{"line":82,"column":30},"end":{"line":82,"column":67}},"line":82},"12":{"name":"(anonymous_12)","decl":{"start":{"line":90,"column":44},"end":{"line":90,"column":45}},"loc":{"start":{"line":90,"column":56},"end":{"line":106,"column":1}},"line":90},"13":{"name":"(anonymous_13)","decl":{"start":{"line":91,"column":5},"end":{"line":91,"column":6}},"loc":{"start":{"line":91,"column":17},"end":{"line":105,"column":5}},"line":91},"14":{"name":"(anonymous_14)","decl":{"start":{"line":103,"column":30},"end":{"line":103,"column":31}},"loc":{"start":{"line":103,"column":41},"end":{"line":103,"column":68}},"line":103}},"branchMap":{"0":{"loc":{"start":{"line":20,"column":12},"end":{"line":22,"column":13}},"type":"if","locations":[{"start":{"line":20,"column":12},"end":{"line":22,"column":13}},{"start":{"line":20,"column":12},"end":{"line":22,"column":13}}],"line":20},"1":{"loc":{"start":{"line":52,"column":20},"end":{"line":52,"column":79}},"type":"cond-expr","locations":[{"start":{"line":52,"column":58},"end":{"line":52,"column":75}},{"start":{"line":52,"column":78},"end":{"line":52,"column":79}}],"line":52},"2":{"loc":{"start":{"line":55,"column":74},"end":{"line":55,"column":121}},"type":"cond-expr","locations":[{"start":{"line":55,"column":109},"end":{"line":55,"column":112}},{"start":{"line":55,"column":115},"end":{"line":55,"column":121}}],"line":55},"3":{"loc":{"start":{"line":57,"column":26},"end":{"line":57,"column":53}},"type":"binary-expr","locations":[{"start":{"line":57,"column":26},"end":{"line":57,"column":45}},{"start":{"line":57,"column":49},"end":{"line":57,"column":53}}],"line":57},"4":{"loc":{"start":{"line":59,"column":29},"end":{"line":59,"column":65}},"type":"binary-expr","locations":[{"start":{"line":59,"column":29},"end":{"line":59,"column":54}},{"start":{"line":59,"column":58},"end":{"line":59,"column":65}}],"line":59},"5":{"loc":{"start":{"line":62,"column":8},"end":{"line":66,"column":9}},"type":"if","locations":[{"start":{"line":62,"column":8},"end":{"line":66,"column":9}},{"start":{"line":62,"column":8},"end":{"line":66,"column":9}}],"line":62},"6":{"loc":{"start":{"line":68,"column":8},"end":{"line":73,"column":9}},"type":"if","locations":[{"start":{"line":68,"column":8},"end":{"line":73,"column":9}},{"start":{"line":68,"column":8},"end":{"line":73,"column":9}}],"line":68},"7":{"loc":{"start":{"line":68,"column":12},"end":{"line":68,"column":72}},"type":"binary-expr","locations":[{"start":{"line":68,"column":12},"end":{"line":68,"column":33}},{"start":{"line":68,"column":37},"end":{"line":68,"column":72}}],"line":68},"8":{"loc":{"start":{"line":95,"column":12},"end":{"line":102,"column":13}},"type":"if","locations":[{"start":{"line":95,"column":12},"end":{"line":102,"column":13}},{"start":{"line":95,"column":12},"end":{"line":102,"column":13}}],"line":95},"9":{"loc":{"start":{"line":96,"column":16},"end":{"line":98,"column":17}},"type":"if","locations":[{"start":{"line":96,"column":16},"end":{"line":98,"column":17}},{"start":{"line":96,"column":16},"end":{"line":98,"column":17}}],"line":96}},"s":{"0":1,"1":1,"2":1,"3":1,"4":1,"5":1,"6":1,"7":1,"8":1,"9":1,"10":1,"11":1,"12":1,"13":1,"14":0,"15":0,"16":0,"17":0,"18":0,"19":0,"20":0,"21":0,"22":0,"23":0,"24":0,"25":0,"26":0,"27":0,"28":0,"29":0,"30":0,"31":0,"32":0,"33":0,"34":0,"35":0,"36":0,"37":0,"38":0,"39":0,"40":0,"41":0,"42":0,"43":0,"44":0,"45":0,"46":0,"47":1,"48":0,"49":0,"50":0,"51":0,"52":0,"53":0,"54":0,"55":1,"56":0,"57":0,"58":0,"59":0,"60":0,"61":0,"62":0,"63":0,"64":0,"65":0,"66":0,"67":0,"68":0,"69":1},"f":{"0":1,"1":0,"2":0,"3":0,"4":0,"5":0,"6":0,"7":0,"8":0,"9":0,"10":0,"11":0,"12":0,"13":0,"14":0},"b":{"0":[0,0],"1":[0,0],"2":[0,0],"3":[0,0],"4":[0,0],"5":[0,0],"6":[0,0],"7":[0,0],"8":[0,0],"9":[0,0]},"_coverageSchema":"43e27e138ebf9cfc5966b082cf9a028302ed4184","hash":"c38011c1a4c39941d19e8fdcb52ce015428e867e"}
,"/home/vadim/WebstormProjects/post-creator-from-maximarkets-socket-data/api/index.js": {"path":"/home/vadim/WebstormProjects/post-creator-from-maximarkets-socket-data/api/index.js","statementMap":{"0":{"start":{"line":1,"column":0},"end":{"line":5,"column":2}}},"fnMap":{},"branchMap":{},"s":{"0":1},"f":{},"b":{},"_coverageSchema":"43e27e138ebf9cfc5966b082cf9a028302ed4184","hash":"c483d209a63e3c8bb2cf3b4c073763c9a6b19a5e"}
,"/home/vadim/WebstormProjects/post-creator-from-maximarkets-socket-data/api/investforum.js": {"path":"/home/vadim/WebstormProjects/post-creator-from-maximarkets-socket-data/api/investforum.js","statementMap":{"0":{"start":{"line":1,"column":25},"end":{"line":1,"column":65}},"1":{"start":{"line":2,"column":14},"end":{"line":2,"column":30}},"2":{"start":{"line":5,"column":4},"end":{"line":9,"column":5}},"3":{"start":{"line":6,"column":8},"end":{"line":8,"column":9}},"4":{"start":{"line":7,"column":12},"end":{"line":7,"column":41}},"5":{"start":{"line":10,"column":4},"end":{"line":10,"column":16}},"6":{"start":{"line":14,"column":15},"end":{"line":14,"column":33}},"7":{"start":{"line":15,"column":4},"end":{"line":19,"column":5}},"8":{"start":{"line":16,"column":8},"end":{"line":18,"column":46}},"9":{"start":{"line":17,"column":25},"end":{"line":17,"column":36}},"10":{"start":{"line":18,"column":26},"end":{"line":18,"column":44}},"11":{"start":{"line":23,"column":0},"end":{"line":23,"column":26}}},"fnMap":{"0":{"name":"symbolToId","decl":{"start":{"line":4,"column":9},"end":{"line":4,"column":19}},"loc":{"start":{"line":4,"column":29},"end":{"line":11,"column":1}},"line":4},"1":{"name":"getRates","decl":{"start":{"line":13,"column":15},"end":{"line":13,"column":23}},"loc":{"start":{"line":13,"column":32},"end":{"line":21,"column":1}},"line":13},"2":{"name":"(anonymous_2)","decl":{"start":{"line":17,"column":18},"end":{"line":17,"column":19}},"loc":{"start":{"line":17,"column":25},"end":{"line":17,"column":36}},"line":17},"3":{"name":"(anonymous_3)","decl":{"start":{"line":18,"column":19},"end":{"line":18,"column":20}},"loc":{"start":{"line":18,"column":26},"end":{"line":18,"column":44}},"line":18}},"branchMap":{"0":{"loc":{"start":{"line":6,"column":8},"end":{"line":8,"column":9}},"type":"if","locations":[{"start":{"line":6,"column":8},"end":{"line":8,"column":9}},{"start":{"line":6,"column":8},"end":{"line":8,"column":9}}],"line":6},"1":{"loc":{"start":{"line":15,"column":4},"end":{"line":19,"column":5}},"type":"if","locations":[{"start":{"line":15,"column":4},"end":{"line":19,"column":5}},{"start":{"line":15,"column":4},"end":{"line":19,"column":5}}],"line":15}},"s":{"0":1,"1":1,"2":0,"3":0,"4":0,"5":0,"6":0,"7":0,"8":0,"9":0,"10":0,"11":1},"f":{"0":0,"1":0,"2":0,"3":0},"b":{"0":[0,0],"1":[0,0]},"_coverageSchema":"43e27e138ebf9cfc5966b082cf9a028302ed4184","hash":"1a6747320dea6d6ec1e59ea8c800c36a79b88487"}
,"/home/vadim/WebstormProjects/post-creator-from-maximarkets-socket-data/api/maximarkets.js": {"path":"/home/vadim/WebstormProjects/post-creator-from-maximarkets-socket-data/api/maximarkets.js","statementMap":{"0":{"start":{"line":1,"column":14},"end":{"line":1,"column":30}},"1":{"start":{"line":4,"column":4},"end":{"line":6,"column":42}},"2":{"start":{"line":5,"column":21},"end":{"line":5,"column":29}},"3":{"start":{"line":6,"column":22},"end":{"line":6,"column":40}},"4":{"start":{"line":9,"column":0},"end":{"line":9,"column":29}}},"fnMap":{"0":{"name":"maximarkets","decl":{"start":{"line":3,"column":15},"end":{"line":3,"column":26}},"loc":{"start":{"line":3,"column":30},"end":{"line":7,"column":1}},"line":3},"1":{"name":"(anonymous_1)","decl":{"start":{"line":5,"column":14},"end":{"line":5,"column":15}},"loc":{"start":{"line":5,"column":21},"end":{"line":5,"column":29}},"line":5},"2":{"name":"(anonymous_2)","decl":{"start":{"line":6,"column":15},"end":{"line":6,"column":16}},"loc":{"start":{"line":6,"column":22},"end":{"line":6,"column":40}},"line":6}},"branchMap":{},"s":{"0":1,"1":0,"2":0,"3":0,"4":1},"f":{"0":0,"1":0,"2":0},"b":{},"_coverageSchema":"43e27e138ebf9cfc5966b082cf9a028302ed4184","hash":"2873f7276d7b359e828cc4b4ac265fd6a2abc820"}
,"/home/vadim/WebstormProjects/post-creator-from-maximarkets-socket-data/api/waiviodev.js": {"path":"/home/vadim/WebstormProjects/post-creator-from-maximarkets-socket-data/api/waiviodev.js","statementMap":{"0":{"start":{"line":1,"column":14},"end":{"line":1,"column":31}},"1":{"start":{"line":4,"column":8},"end":{"line":11,"column":46}},"2":{"start":{"line":10,"column":25},"end":{"line":10,"column":36}},"3":{"start":{"line":11,"column":26},"end":{"line":11,"column":44}},"4":{"start":{"line":14,"column":0},"end":{"line":14,"column":29}}},"fnMap":{"0":{"name":"getWobjects","decl":{"start":{"line":3,"column":15},"end":{"line":3,"column":26}},"loc":{"start":{"line":3,"column":35},"end":{"line":12,"column":1}},"line":3},"1":{"name":"(anonymous_1)","decl":{"start":{"line":10,"column":18},"end":{"line":10,"column":19}},"loc":{"start":{"line":10,"column":25},"end":{"line":10,"column":36}},"line":10},"2":{"name":"(anonymous_2)","decl":{"start":{"line":11,"column":19},"end":{"line":11,"column":20}},"loc":{"start":{"line":11,"column":26},"end":{"line":11,"column":44}},"line":11}},"branchMap":{},"s":{"0":1,"1":0,"2":0,"3":0,"4":1},"f":{"0":0,"1":0,"2":0},"b":{},"_coverageSchema":"43e27e138ebf9cfc5966b082cf9a028302ed4184","hash":"9f89553c9b405e194ef40615a95d48f2da3770cf"}
,"/home/vadim/WebstormProjects/post-creator-from-maximarkets-socket-data/constants/accountsData.js": {"path":"/home/vadim/WebstormProjects/post-creator-from-maximarkets-socket-data/constants/accountsData.js","statementMap":{"0":{"start":{"line":2,"column":21},"end":{"line":30,"column":5}},"1":{"start":{"line":32,"column":0},"end":{"line":32,"column":30}}},"fnMap":{},"branchMap":{"0":{"loc":{"start":{"line":2,"column":21},"end":{"line":30,"column":5}},"type":"cond-expr","locations":[{"start":{"line":3,"column":6},"end":{"line":3,"column":38}},{"start":{"line":4,"column":6},"end":{"line":30,"column":5}}],"line":2}},"s":{"0":1,"1":1},"f":{},"b":{"0":[0,1]},"_coverageSchema":"43e27e138ebf9cfc5966b082cf9a028302ed4184","hash":"963f11214a6207b180703d1eb652fd3ab451895d"}
,"/home/vadim/WebstormProjects/post-creator-from-maximarkets-socket-data/constants/postData.js": {"path":"/home/vadim/WebstormProjects/post-creator-from-maximarkets-socket-data/constants/postData.js","statementMap":{"0":{"start":{"line":1,"column":17},"end":{"line":14,"column":1}},"1":{"start":{"line":18,"column":0},"end":{"line":18,"column":26}}},"fnMap":{},"branchMap":{},"s":{"0":3,"1":3},"f":{},"b":{},"_coverageSchema":"43e27e138ebf9cfc5966b082cf9a028302ed4184","hash":"ec83beb52d84131c4a4d0a3d7be9fe2e0d1867db"}
,"/home/vadim/WebstormProjects/post-creator-from-maximarkets-socket-data/constants/quoteIdForWidget.js": {"path":"/home/vadim/WebstormProjects/post-creator-from-maximarkets-socket-data/constants/quoteIdForWidget.js","statementMap":{"0":{"start":{"line":1,"column":0},"end":{"line":195,"column":2}}},"fnMap":{},"branchMap":{},"s":{"0":2},"f":{},"b":{},"_coverageSchema":"43e27e138ebf9cfc5966b082cf9a028302ed4184","hash":"e3f8445a75c9f09dbe1980093e18257de392c270"}
,"/home/vadim/WebstormProjects/post-creator-from-maximarkets-socket-data/postBroadcaster/index.js": {"path":"/home/vadim/WebstormProjects/post-creator-from-maximarkets-socket-data/postBroadcaster/index.js","statementMap":{"0":{"start":{"line":1,"column":0},"end":{"line":3,"column":2}}},"fnMap":{},"branchMap":{},"s":{"0":1},"f":{},"b":{},"_coverageSchema":"43e27e138ebf9cfc5966b082cf9a028302ed4184","hash":"cfec6f75f7435982a9e5dab51e66919cd45e1137"}
,"/home/vadim/WebstormProjects/post-creator-from-maximarkets-socket-data/postBroadcaster/postBroadcaster.js": {"path":"/home/vadim/WebstormProjects/post-creator-from-maximarkets-socket-data/postBroadcaster/postBroadcaster.js","statementMap":{"0":{"start":{"line":1,"column":15},"end":{"line":1,"column":32}},"1":{"start":{"line":3,"column":15},"end":{"line":3,"column":59}},"2":{"start":{"line":6,"column":4},"end":{"line":6,"column":53}},"3":{"start":{"line":9,"column":0},"end":{"line":9,"column":28}}},"fnMap":{"0":{"name":"createPost","decl":{"start":{"line":5,"column":15},"end":{"line":5,"column":25}},"loc":{"start":{"line":5,"column":38},"end":{"line":7,"column":1}},"line":5}},"branchMap":{},"s":{"0":1,"1":1,"2":0,"3":1},"f":{"0":0},"b":{},"_coverageSchema":"43e27e138ebf9cfc5966b082cf9a028302ed4184","hash":"a1e80f30a6ccb33bdd27f7dd5502e0298e87bce7"}
,"/home/vadim/WebstormProjects/post-creator-from-maximarkets-socket-data/postConstructor/bodyConstructor.js": {"path":"/home/vadim/WebstormProjects/post-creator-from-maximarkets-socket-data/postConstructor/bodyConstructor.js","statementMap":{"0":{"start":{"line":10,"column":8},"end":{"line":10,"column":14}},"1":{"start":{"line":12,"column":15},"end":{"line":12,"column":45}},"2":{"start":{"line":13,"column":19},"end":{"line":13,"column":80}},"3":{"start":{"line":15,"column":4},"end":{"line":15,"column":572}},"4":{"start":{"line":19,"column":0},"end":{"line":19,"column":33}}},"fnMap":{"0":{"name":"bodyConstructor","decl":{"start":{"line":1,"column":9},"end":{"line":1,"column":24}},"loc":{"start":{"line":1,"column":80},"end":{"line":16,"column":1}},"line":1}},"branchMap":{},"s":{"0":5,"1":5,"2":5,"3":5,"4":4},"f":{"0":5},"b":{},"_coverageSchema":"43e27e138ebf9cfc5966b082cf9a028302ed4184","hash":"c9acb26e970eeb69dd1bebfbd346dbd27293905a"}
,"/home/vadim/WebstormProjects/post-creator-from-maximarkets-socket-data/postConstructor/index.js": {"path":"/home/vadim/WebstormProjects/post-creator-from-maximarkets-socket-data/postConstructor/index.js","statementMap":{"0":{"start":{"line":1,"column":0},"end":{"line":4,"column":2}}},"fnMap":{},"branchMap":{},"s":{"0":2},"f":{},"b":{},"_coverageSchema":"43e27e138ebf9cfc5966b082cf9a028302ed4184","hash":"5c9679897703665e6439f1af242faef44394ab9f"}
,"/home/vadim/WebstormProjects/post-creator-from-maximarkets-socket-data/postConstructor/objectNameFinder.js": {"path":"/home/vadim/WebstormProjects/post-creator-from-maximarkets-socket-data/postConstructor/objectNameFinder.js","statementMap":{"0":{"start":{"line":1,"column":10},"end":{"line":1,"column":27}},"1":{"start":{"line":2,"column":17},"end":{"line":2,"column":51}},"2":{"start":{"line":5,"column":27},"end":{"line":5,"column":82}},"3":{"start":{"line":5,"column":59},"end":{"line":5,"column":81}},"4":{"start":{"line":8,"column":35},"end":{"line":11,"column":6}},"5":{"start":{"line":9,"column":8},"end":{"line":9,"column":42}},"6":{"start":{"line":10,"column":8},"end":{"line":10,"column":19}},"7":{"start":{"line":12,"column":25},"end":{"line":12,"column":97}},"8":{"start":{"line":15,"column":4},"end":{"line":15,"column":43}},"9":{"start":{"line":257,"column":0},"end":{"line":257,"column":34}}},"fnMap":{"0":{"name":"objectNameFinder","decl":{"start":{"line":4,"column":9},"end":{"line":4,"column":25}},"loc":{"start":{"line":4,"column":35},"end":{"line":16,"column":1}},"line":4},"1":{"name":"(anonymous_1)","decl":{"start":{"line":5,"column":49},"end":{"line":5,"column":50}},"loc":{"start":{"line":5,"column":59},"end":{"line":5,"column":81}},"line":5},"2":{"name":"(anonymous_2)","decl":{"start":{"line":8,"column":57},"end":{"line":8,"column":58}},"loc":{"start":{"line":8,"column":64},"end":{"line":11,"column":5}},"line":8}},"branchMap":{},"s":{"0":4,"1":4,"2":6,"3":56,"4":6,"5":12,"6":12,"7":6,"8":6,"9":4},"f":{"0":6,"1":56,"2":12},"b":{},"_coverageSchema":"43e27e138ebf9cfc5966b082cf9a028302ed4184","hash":"b3b544229447283e8260aa575e4fddf11fad563e"}
,"/home/vadim/WebstormProjects/post-creator-from-maximarkets-socket-data/postConstructor/permlinkConstructor.js": {"path":"/home/vadim/WebstormProjects/post-creator-from-maximarkets-socket-data/postConstructor/permlinkConstructor.js","statementMap":{"0":{"start":{"line":2,"column":17},"end":{"line":2,"column":27}},"1":{"start":{"line":3,"column":23},"end":{"line":3,"column":61}},"2":{"start":{"line":4,"column":29},"end":{"line":4,"column":46}},"3":{"start":{"line":5,"column":4},"end":{"line":7,"column":5}},"4":{"start":{"line":5,"column":18},"end":{"line":5,"column":19}},"5":{"start":{"line":6,"column":8},"end":{"line":6,"column":82}},"6":{"start":{"line":8,"column":4},"end":{"line":8,"column":18}},"7":{"start":{"line":11,"column":0},"end":{"line":11,"column":37}}},"fnMap":{"0":{"name":"permlinkConstructor","decl":{"start":{"line":1,"column":9},"end":{"line":1,"column":28}},"loc":{"start":{"line":1,"column":38},"end":{"line":9,"column":1}},"line":1}},"branchMap":{},"s":{"0":5,"1":5,"2":5,"3":5,"4":5,"5":13,"6":5,"7":4},"f":{"0":5},"b":{},"_coverageSchema":"43e27e138ebf9cfc5966b082cf9a028302ed4184","hash":"6a5a3ee898fdc86cfd64804e07d97fc9fa25a47e"}
,"/home/vadim/WebstormProjects/post-creator-from-maximarkets-socket-data/postConstructor/postConstructor.js": {"path":"/home/vadim/WebstormProjects/post-creator-from-maximarkets-socket-data/postConstructor/postConstructor.js","statementMap":{"0":{"start":{"line":1,"column":17},"end":{"line":1,"column":53}},"1":{"start":{"line":2,"column":10},"end":{"line":2,"column":27}},"2":{"start":{"line":4,"column":17},"end":{"line":4,"column":49}},"3":{"start":{"line":5,"column":24},"end":{"line":5,"column":52}},"4":{"start":{"line":6,"column":28},"end":{"line":6,"column":60}},"5":{"start":{"line":7,"column":25},"end":{"line":7,"column":54}},"6":{"start":{"line":12,"column":20},"end":{"line":12,"column":59}},"7":{"start":{"line":13,"column":23},"end":{"line":13,"column":48}},"8":{"start":{"line":14,"column":21},"end":{"line":14,"column":43}},"9":{"start":{"line":15,"column":17},"end":{"line":15,"column":100}},"10":{"start":{"line":16,"column":22},"end":{"line":16,"column":42}},"11":{"start":{"line":17,"column":22},"end":{"line":17,"column":62}},"12":{"start":{"line":19,"column":4},"end":{"line":53,"column":6}},"13":{"start":{"line":56,"column":0},"end":{"line":56,"column":33}}},"fnMap":{"0":{"name":"postConstructor","decl":{"start":{"line":11,"column":10},"end":{"line":11,"column":25}},"loc":{"start":{"line":11,"column":63},"end":{"line":54,"column":1}},"line":11}},"branchMap":{"0":{"loc":{"start":{"line":12,"column":20},"end":{"line":12,"column":59}},"type":"cond-expr","locations":[{"start":{"line":12,"column":45},"end":{"line":12,"column":50}},{"start":{"line":12,"column":53},"end":{"line":12,"column":59}}],"line":12}},"s":{"0":3,"1":3,"2":3,"3":3,"4":3,"5":3,"6":2,"7":2,"8":2,"9":2,"10":2,"11":2,"12":2,"13":3},"f":{"0":2},"b":{"0":[1,1]},"_coverageSchema":"43e27e138ebf9cfc5966b082cf9a028302ed4184","hash":"c03b2efb04bd463b3ae91fb8e04eaa0195c85b4e"}
,"/home/vadim/WebstormProjects/post-creator-from-maximarkets-socket-data/signalsProcessor/index.js": {"path":"/home/vadim/WebstormProjects/post-creator-from-maximarkets-socket-data/signalsProcessor/index.js","statementMap":{"0":{"start":{"line":1,"column":0},"end":{"line":4,"column":2}}},"fnMap":{},"branchMap":{},"s":{"0":1},"f":{},"b":{},"_coverageSchema":"43e27e138ebf9cfc5966b082cf9a028302ed4184","hash":"85808a779a3fb18244968bca8dc5c8e2529c5ebb"}
,"/home/vadim/WebstormProjects/post-creator-from-maximarkets-socket-data/signalsProcessor/signalsConverter.js": {"path":"/home/vadim/WebstormProjects/post-creator-from-maximarkets-socket-data/signalsProcessor/signalsConverter.js","statementMap":{"0":{"start":{"line":2,"column":15},"end":{"line":2,"column":17}},"1":{"start":{"line":3,"column":4},"end":{"line":5,"column":5}},"2":{"start":{"line":4,"column":8},"end":{"line":4,"column":49}},"3":{"start":{"line":6,"column":4},"end":{"line":6,"column":17}},"4":{"start":{"line":9,"column":0},"end":{"line":9,"column":34}}},"fnMap":{"0":{"name":"signalsConverter","decl":{"start":{"line":1,"column":9},"end":{"line":1,"column":25}},"loc":{"start":{"line":1,"column":41},"end":{"line":7,"column":1}},"line":1}},"branchMap":{},"s":{"0":1,"1":1,"2":2,"3":1,"4":2},"f":{"0":1},"b":{},"_coverageSchema":"43e27e138ebf9cfc5966b082cf9a028302ed4184","hash":"ef9d286597c517bfc9a4b43645cd130e400a185c"}
,"/home/vadim/WebstormProjects/post-creator-from-maximarkets-socket-data/signalsProcessor/signalsProcessor.js": {"path":"/home/vadim/WebstormProjects/post-creator-from-maximarkets-socket-data/signalsProcessor/signalsProcessor.js","statementMap":{"0":{"start":{"line":1,"column":25},"end":{"line":1,"column":65}},"1":{"start":{"line":2,"column":10},"end":{"line":2,"column":27}},"2":{"start":{"line":5,"column":4},"end":{"line":9,"column":5}},"3":{"start":{"line":6,"column":8},"end":{"line":8,"column":9}},"4":{"start":{"line":7,"column":12},"end":{"line":7,"column":24}},"5":{"start":{"line":10,"column":4},"end":{"line":10,"column":17}},"6":{"start":{"line":14,"column":28},"end":{"line":14,"column":30}},"7":{"start":{"line":15,"column":4},"end":{"line":26,"column":5}},"8":{"start":{"line":15,"column":17},"end":{"line":15,"column":18}},"9":{"start":{"line":16,"column":20},"end":{"line":16,"column":25}},"10":{"start":{"line":17,"column":8},"end":{"line":22,"column":9}},"11":{"start":{"line":17,"column":21},"end":{"line":17,"column":22}},"12":{"start":{"line":18,"column":12},"end":{"line":21,"column":13}},"13":{"start":{"line":19,"column":16},"end":{"line":19,"column":29}},"14":{"start":{"line":20,"column":16},"end":{"line":20,"column":22}},"15":{"start":{"line":23,"column":8},"end":{"line":25,"column":9}},"16":{"start":{"line":24,"column":12},"end":{"line":24,"column":39}},"17":{"start":{"line":27,"column":4},"end":{"line":27,"column":27}},"18":{"start":{"line":30,"column":0},"end":{"line":33,"column":2}}},"fnMap":{"0":{"name":"signalFilter","decl":{"start":{"line":4,"column":9},"end":{"line":4,"column":21}},"loc":{"start":{"line":4,"column":31},"end":{"line":11,"column":1}},"line":4},"1":{"name":"findUniqueSignals","decl":{"start":{"line":13,"column":9},"end":{"line":13,"column":26}},"loc":{"start":{"line":13,"column":34},"end":{"line":28,"column":1}},"line":13}},"branchMap":{"0":{"loc":{"start":{"line":5,"column":4},"end":{"line":9,"column":5}},"type":"if","locations":[{"start":{"line":5,"column":4},"end":{"line":9,"column":5}},{"start":{"line":5,"column":4},"end":{"line":9,"column":5}}],"line":5},"1":{"loc":{"start":{"line":6,"column":8},"end":{"line":8,"column":9}},"type":"if","locations":[{"start":{"line":6,"column":8},"end":{"line":8,"column":9}},{"start":{"line":6,"column":8},"end":{"line":8,"column":9}}],"line":6},"2":{"loc":{"start":{"line":18,"column":12},"end":{"line":21,"column":13}},"type":"if","locations":[{"start":{"line":18,"column":12},"end":{"line":21,"column":13}},{"start":{"line":18,"column":12},"end":{"line":21,"column":13}}],"line":18},"3":{"loc":{"start":{"line":23,"column":8},"end":{"line":25,"column":9}},"type":"if","locations":[{"start":{"line":23,"column":8},"end":{"line":25,"column":9}},{"start":{"line":23,"column":8},"end":{"line":25,"column":9}}],"line":23}},"s":{"0":2,"1":2,"2":8,"3":4,"4":3,"5":5,"6":2,"7":2,"8":2,"9":4,"10":4,"11":4,"12":6,"13":3,"14":3,"15":4,"16":1,"17":2,"18":2},"f":{"0":8,"1":2},"b":{"0":[4,4],"1":[3,1],"2":[3,3],"3":[1,3]},"_coverageSchema":"43e27e138ebf9cfc5966b082cf9a028302ed4184","hash":"dcf7ee8f99c2b49ee0797fab3fc45f4c9f6123aa"}
,"/home/vadim/WebstormProjects/post-creator-from-maximarkets-socket-data/validator/index.js": {"path":"/home/vadim/WebstormProjects/post-creator-from-maximarkets-socket-data/validator/index.js","statementMap":{"0":{"start":{"line":1,"column":0},"end":{"line":5,"column":2}}},"fnMap":{},"branchMap":{},"s":{"0":1},"f":{},"b":{},"_coverageSchema":"43e27e138ebf9cfc5966b082cf9a028302ed4184","hash":"de1a4e7345e673cd7aa9ffa9f35eb1f8aaac1e93"}
,"/home/vadim/WebstormProjects/post-creator-from-maximarkets-socket-data/validator/rateValidator.js": {"path":"/home/vadim/WebstormProjects/post-creator-from-maximarkets-socket-data/validator/rateValidator.js","statementMap":{"0":{"start":{"line":1,"column":10},"end":{"line":1,"column":27}},"1":{"start":{"line":4,"column":26},"end":{"line":7,"column":5}},"2":{"start":{"line":9,"column":4},"end":{"line":16,"column":5}},"3":{"start":{"line":10,"column":8},"end":{"line":10,"column":99}},"4":{"start":{"line":10,"column":47},"end":{"line":10,"column":97}},"5":{"start":{"line":17,"column":4},"end":{"line":17,"column":17}},"6":{"start":{"line":20,"column":0},"end":{"line":20,"column":31}}},"fnMap":{"0":{"name":"rateValidator","decl":{"start":{"line":3,"column":9},"end":{"line":3,"column":22}},"loc":{"start":{"line":3,"column":30},"end":{"line":18,"column":1}},"line":3},"1":{"name":"(anonymous_1)","decl":{"start":{"line":10,"column":38},"end":{"line":10,"column":39}},"loc":{"start":{"line":10,"column":47},"end":{"line":10,"column":97}},"line":10}},"branchMap":{"0":{"loc":{"start":{"line":9,"column":4},"end":{"line":16,"column":5}},"type":"if","locations":[{"start":{"line":9,"column":4},"end":{"line":16,"column":5}},{"start":{"line":9,"column":4},"end":{"line":16,"column":5}}],"line":9},"1":{"loc":{"start":{"line":10,"column":47},"end":{"line":10,"column":97}},"type":"binary-expr","locations":[{"start":{"line":10,"column":47},"end":{"line":10,"column":70}},{"start":{"line":10,"column":74},"end":{"line":10,"column":97}}],"line":10}},"s":{"0":2,"1":5,"2":5,"3":4,"4":6,"5":1,"6":2},"f":{"0":5,"1":6},"b":{"0":[4,1],"1":[6,3]},"_coverageSchema":"43e27e138ebf9cfc5966b082cf9a028302ed4184","hash":"dafbc0cbd65a7c3ad2ccea2826ae103dd5f0b3e3"}
,"/home/vadim/WebstormProjects/post-creator-from-maximarkets-socket-data/validator/signalValidator.js": {"path":"/home/vadim/WebstormProjects/post-creator-from-maximarkets-socket-data/validator/signalValidator.js","statementMap":{"0":{"start":{"line":1,"column":10},"end":{"line":1,"column":27}},"1":{"start":{"line":4,"column":4},"end":{"line":26,"column":5}},"2":{"start":{"line":5,"column":36},"end":{"line":10,"column":9}},"3":{"start":{"line":11,"column":36},"end":{"line":19,"column":9}},"4":{"start":{"line":20,"column":8},"end":{"line":20,"column":177}},"5":{"start":{"line":20,"column":53},"end":{"line":20,"column":107}},"6":{"start":{"line":20,"column":150},"end":{"line":20,"column":175}},"7":{"start":{"line":27,"column":4},"end":{"line":27,"column":17}},"8":{"start":{"line":30,"column":0},"end":{"line":30,"column":33}}},"fnMap":{"0":{"name":"signalValidator","decl":{"start":{"line":3,"column":9},"end":{"line":3,"column":24}},"loc":{"start":{"line":3,"column":34},"end":{"line":28,"column":1}},"line":3},"1":{"name":"(anonymous_1)","decl":{"start":{"line":20,"column":44},"end":{"line":20,"column":45}},"loc":{"start":{"line":20,"column":53},"end":{"line":20,"column":107}},"line":20},"2":{"name":"(anonymous_2)","decl":{"start":{"line":20,"column":141},"end":{"line":20,"column":142}},"loc":{"start":{"line":20,"column":150},"end":{"line":20,"column":175}},"line":20}},"branchMap":{"0":{"loc":{"start":{"line":4,"column":4},"end":{"line":26,"column":5}},"type":"if","locations":[{"start":{"line":4,"column":4},"end":{"line":26,"column":5}},{"start":{"line":4,"column":4},"end":{"line":26,"column":5}}],"line":4},"1":{"loc":{"start":{"line":20,"column":15},"end":{"line":20,"column":176}},"type":"binary-expr","locations":[{"start":{"line":20,"column":15},"end":{"line":20,"column":108}},{"start":{"line":20,"column":112},"end":{"line":20,"column":176}}],"line":20},"2":{"loc":{"start":{"line":20,"column":53},"end":{"line":20,"column":107}},"type":"binary-expr","locations":[{"start":{"line":20,"column":53},"end":{"line":20,"column":78}},{"start":{"line":20,"column":82},"end":{"line":20,"column":107}}],"line":20}},"s":{"0":2,"1":3,"2":2,"3":2,"4":2,"5":8,"6":9,"7":1,"8":2},"f":{"0":3,"1":8,"2":9},"b":{"0":[2,1],"1":[2,2],"2":[8,8]},"_coverageSchema":"43e27e138ebf9cfc5966b082cf9a028302ed4184","hash":"e51aa365eae08699e9ac74940ea99154e3d1553b"}
,"/home/vadim/WebstormProjects/post-creator-from-maximarkets-socket-data/validator/wobjectValidator.js": {"path":"/home/vadim/WebstormProjects/post-creator-from-maximarkets-socket-data/validator/wobjectValidator.js","statementMap":{"0":{"start":{"line":1,"column":10},"end":{"line":1,"column":27}},"1":{"start":{"line":3,"column":27},"end":{"line":3,"column":62}},"2":{"start":{"line":6,"column":4},"end":{"line":18,"column":5}},"3":{"start":{"line":7,"column":42},"end":{"line":7,"column":49}},"4":{"start":{"line":8,"column":8},"end":{"line":17,"column":9}},"5":{"start":{"line":9,"column":44},"end":{"line":9,"column":92}},"6":{"start":{"line":9,"column":69},"end":{"line":9,"column":91}},"7":{"start":{"line":11,"column":12},"end":{"line":16,"column":13}},"8":{"start":{"line":12,"column":30},"end":{"line":12,"column":55}},"9":{"start":{"line":13,"column":16},"end":{"line":15,"column":17}},"10":{"start":{"line":14,"column":20},"end":{"line":14,"column":32}},"11":{"start":{"line":19,"column":4},"end":{"line":19,"column":17}},"12":{"start":{"line":22,"column":0},"end":{"line":22,"column":34}}},"fnMap":{"0":{"name":"wobjectValidator","decl":{"start":{"line":5,"column":9},"end":{"line":5,"column":25}},"loc":{"start":{"line":5,"column":36},"end":{"line":20,"column":1}},"line":5},"1":{"name":"(anonymous_1)","decl":{"start":{"line":9,"column":59},"end":{"line":9,"column":60}},"loc":{"start":{"line":9,"column":69},"end":{"line":9,"column":91}},"line":9}},"branchMap":{"0":{"loc":{"start":{"line":6,"column":4},"end":{"line":18,"column":5}},"type":"if","locations":[{"start":{"line":6,"column":4},"end":{"line":18,"column":5}},{"start":{"line":6,"column":4},"end":{"line":18,"column":5}}],"line":6},"1":{"loc":{"start":{"line":8,"column":8},"end":{"line":17,"column":9}},"type":"if","locations":[{"start":{"line":8,"column":8},"end":{"line":17,"column":9}},{"start":{"line":8,"column":8},"end":{"line":17,"column":9}}],"line":8},"2":{"loc":{"start":{"line":8,"column":12},"end":{"line":8,"column":61}},"type":"binary-expr","locations":[{"start":{"line":8,"column":12},"end":{"line":8,"column":39}},{"start":{"line":8,"column":43},"end":{"line":8,"column":61}}],"line":8},"3":{"loc":{"start":{"line":11,"column":12},"end":{"line":16,"column":13}},"type":"if","locations":[{"start":{"line":11,"column":12},"end":{"line":16,"column":13}},{"start":{"line":11,"column":12},"end":{"line":16,"column":13}}],"line":11},"4":{"loc":{"start":{"line":13,"column":16},"end":{"line":15,"column":17}},"type":"if","locations":[{"start":{"line":13,"column":16},"end":{"line":15,"column":17}},{"start":{"line":13,"column":16},"end":{"line":15,"column":17}}],"line":13}},"s":{"0":2,"1":2,"2":9,"3":8,"4":8,"5":4,"6":8,"7":4,"8":2,"9":2,"10":1,"11":8,"12":2},"f":{"0":9,"1":8},"b":{"0":[8,1],"1":[4,4],"2":[8,4],"3":[2,2],"4":[1,1]},"_coverageSchema":"43e27e138ebf9cfc5966b082cf9a028302ed4184","hash":"fc2b535fa731ad5286a82bdbae9dda9438abe122"}
}
