TN:
SF:/home/vadim/WebstormProjects/post-creator-from-maximarkets-socket-data/app.js
FN:12,(anonymous_0)
FN:18,(anonymous_1)
FN:27,(anonymous_2)
FN:30,(anonymous_3)
FN:38,getValidSignals
FN:44,(anonymous_5)
FN:45,(anonymous_6)
FN:51,createAndBroadcastPost
FN:55,(anonymous_8)
FN:77,(anonymous_9)
FN:81,(anonymous_10)
FN:82,(anonymous_11)
FN:90,(anonymous_12)
FN:91,(anonymous_13)
FN:103,(anonymous_14)
FNF:15
FNH:1
FNDA:1,(anonymous_0)
FNDA:0,(anonymous_1)
FNDA:0,(anonymous_2)
FNDA:0,(anonymous_3)
FNDA:0,getValidSignals
FNDA:0,(anonymous_5)
FNDA:0,(anonymous_6)
FNDA:0,createAndBroadcastPost
FNDA:0,(anonymous_8)
FNDA:0,(anonymous_9)
FNDA:0,(anonymous_10)
FNDA:0,(anonymous_11)
FNDA:0,(anonymous_12)
FNDA:0,(anonymous_13)
FNDA:0,(anonymous_14)
DA:1,1
DA:2,1
DA:3,1
DA:5,1
DA:6,1
DA:7,1
DA:8,1
DA:9,1
DA:10,1
DA:12,1
DA:13,1
DA:14,1
DA:15,1
DA:17,1
DA:20,0
DA:21,0
DA:23,0
DA:24,0
DA:25,0
DA:28,0
DA:31,0
DA:39,0
DA:40,0
DA:41,0
DA:43,0
DA:44,0
DA:45,0
DA:47,0
DA:52,0
DA:53,0
DA:54,0
DA:55,0
DA:56,0
DA:57,0
DA:58,0
DA:59,0
DA:60,0
DA:61,0
DA:62,0
DA:63,0
DA:64,0
DA:65,0
DA:68,0
DA:69,0
DA:70,0
DA:72,0
DA:77,1
DA:78,0
DA:79,0
DA:80,0
DA:81,0
DA:82,0
DA:84,0
DA:86,0
DA:90,1
DA:91,0
DA:92,0
DA:93,0
DA:94,0
DA:95,0
DA:96,0
DA:97,0
DA:99,0
DA:100,0
DA:101,0
DA:103,0
DA:108,1
LF:67
LH:17
BRDA:20,0,0,0
BRDA:20,0,1,0
BRDA:52,1,0,0
BRDA:52,1,1,0
BRDA:55,2,0,0
BRDA:55,2,1,0
BRDA:57,3,0,0
BRDA:57,3,1,0
BRDA:59,4,0,0
BRDA:59,4,1,0
BRDA:62,5,0,0
BRDA:62,5,1,0
BRDA:68,6,0,0
BRDA:68,6,1,0
BRDA:68,7,0,0
BRDA:68,7,1,0
BRDA:95,8,0,0
BRDA:95,8,1,0
BRDA:96,9,0,0
BRDA:96,9,1,0
BRF:20
BRH:0
end_of_record
TN:
SF:/home/vadim/WebstormProjects/post-creator-from-maximarkets-socket-data/api/index.js
FNF:0
FNH:0
DA:1,1
LF:1
LH:1
BRF:0
BRH:0
end_of_record
TN:
SF:/home/vadim/WebstormProjects/post-creator-from-maximarkets-socket-data/api/investforum.js
FN:4,symbolToId
FN:13,getRates
FN:17,(anonymous_2)
FN:18,(anonymous_3)
FNF:4
FNH:0
FNDA:0,symbolToId
FNDA:0,getRates
FNDA:0,(anonymous_2)
FNDA:0,(anonymous_3)
DA:1,1
DA:2,1
DA:5,0
DA:6,0
DA:7,0
DA:10,0
DA:14,0
DA:15,0
DA:16,0
DA:17,0
DA:18,0
DA:23,1
LF:12
LH:3
BRDA:6,0,0,0
BRDA:6,0,1,0
BRDA:15,1,0,0
BRDA:15,1,1,0
BRF:4
BRH:0
end_of_record
TN:
SF:/home/vadim/WebstormProjects/post-creator-from-maximarkets-socket-data/api/maximarkets.js
FN:3,maximarkets
FN:5,(anonymous_1)
FN:6,(anonymous_2)
FNF:3
FNH:0
FNDA:0,maximarkets
FNDA:0,(anonymous_1)
FNDA:0,(anonymous_2)
DA:1,1
DA:4,0
DA:5,0
DA:6,0
DA:9,1
LF:5
LH:2
BRF:0
BRH:0
end_of_record
TN:
SF:/home/vadim/WebstormProjects/post-creator-from-maximarkets-socket-data/api/waiviodev.js
FN:3,getWobjects
FN:10,(anonymous_1)
FN:11,(anonymous_2)
FNF:3
FNH:0
FNDA:0,getWobjects
FNDA:0,(anonymous_1)
FNDA:0,(anonymous_2)
DA:1,1
DA:4,0
DA:10,0
DA:11,0
DA:14,1
LF:5
LH:2
BRF:0
BRH:0
end_of_record
TN:
SF:/home/vadim/WebstormProjects/post-creator-from-maximarkets-socket-data/constants/accountsData.js
FNF:0
FNH:0
DA:2,1
DA:32,1
LF:2
LH:2
BRDA:2,0,0,0
BRDA:2,0,1,1
BRF:2
BRH:1
end_of_record
TN:
SF:/home/vadim/WebstormProjects/post-creator-from-maximarkets-socket-data/constants/postData.js
FNF:0
FNH:0
DA:1,3
DA:18,3
LF:2
LH:2
BRF:0
BRH:0
end_of_record
TN:
SF:/home/vadim/WebstormProjects/post-creator-from-maximarkets-socket-data/constants/quoteIdForWidget.js
FNF:0
FNH:0
DA:1,2
LF:1
LH:1
BRF:0
BRH:0
end_of_record
TN:
SF:/home/vadim/WebstormProjects/post-creator-from-maximarkets-socket-data/postBroadcaster/index.js
FNF:0
FNH:0
DA:1,1
LF:1
LH:1
BRF:0
BRH:0
end_of_record
TN:
SF:/home/vadim/WebstormProjects/post-creator-from-maximarkets-socket-data/postBroadcaster/postBroadcaster.js
FN:5,createPost
FNF:1
FNH:0
FNDA:0,createPost
DA:1,1
DA:3,1
DA:6,0
DA:9,1
LF:4
LH:3
BRF:0
BRH:0
end_of_record
TN:
SF:/home/vadim/WebstormProjects/post-creator-from-maximarkets-socket-data/postConstructor/bodyConstructor.js
FN:1,bodyConstructor
FNF:1
FNH:1
FNDA:5,bodyConstructor
DA:10,5
DA:12,5
DA:13,5
DA:15,5
DA:19,4
LF:5
LH:5
BRF:0
BRH:0
end_of_record
TN:
SF:/home/vadim/WebstormProjects/post-creator-from-maximarkets-socket-data/postConstructor/index.js
FNF:0
FNH:0
DA:1,2
LF:1
LH:1
BRF:0
BRH:0
end_of_record
TN:
SF:/home/vadim/WebstormProjects/post-creator-from-maximarkets-socket-data/postConstructor/objectNameFinder.js
FN:4,objectNameFinder
FN:5,(anonymous_1)
FN:8,(anonymous_2)
FNF:3
FNH:3
FNDA:6,objectNameFinder
FNDA:56,(anonymous_1)
FNDA:12,(anonymous_2)
DA:1,4
DA:2,4
DA:5,56
DA:8,6
DA:9,12
DA:10,12
DA:12,6
DA:15,6
DA:257,4
LF:9
LH:9
BRF:0
BRH:0
end_of_record
TN:
SF:/home/vadim/WebstormProjects/post-creator-from-maximarkets-socket-data/postConstructor/permlinkConstructor.js
FN:1,permlinkConstructor
FNF:1
FNH:1
FNDA:5,permlinkConstructor
DA:2,5
DA:3,5
DA:4,5
DA:5,5
DA:6,13
DA:8,5
DA:11,4
LF:7
LH:7
BRF:0
BRH:0
end_of_record
TN:
SF:/home/vadim/WebstormProjects/post-creator-from-maximarkets-socket-data/postConstructor/postConstructor.js
FN:11,postConstructor
FNF:1
FNH:1
FNDA:2,postConstructor
DA:1,3
DA:2,3
DA:4,3
DA:5,3
DA:6,3
DA:7,3
DA:12,2
DA:13,2
DA:14,2
DA:15,2
DA:16,2
DA:17,2
DA:19,2
DA:56,3
LF:14
LH:14
BRDA:12,0,0,1
BRDA:12,0,1,1
BRF:2
BRH:2
end_of_record
TN:
SF:/home/vadim/WebstormProjects/post-creator-from-maximarkets-socket-data/signalsProcessor/index.js
FNF:0
FNH:0
DA:1,1
LF:1
LH:1
BRF:0
BRH:0
end_of_record
TN:
SF:/home/vadim/WebstormProjects/post-creator-from-maximarkets-socket-data/signalsProcessor/signalsConverter.js
FN:1,signalsConverter
FNF:1
FNH:1
FNDA:1,signalsConverter
DA:2,1
DA:3,1
DA:4,2
DA:6,1
DA:9,2
LF:5
LH:5
BRF:0
BRH:0
end_of_record
TN:
SF:/home/vadim/WebstormProjects/post-creator-from-maximarkets-socket-data/signalsProcessor/signalsProcessor.js
FN:4,signalFilter
FN:13,findUniqueSignals
FNF:2
FNH:2
FNDA:8,signalFilter
FNDA:2,findUniqueSignals
DA:1,2
DA:2,2
DA:5,8
DA:6,4
DA:7,3
DA:10,5
DA:14,2
DA:15,2
DA:16,4
DA:17,4
DA:18,6
DA:19,3
DA:20,3
DA:23,4
DA:24,1
DA:27,2
DA:30,2
LF:17
LH:17
BRDA:5,0,0,4
BRDA:5,0,1,4
BRDA:6,1,0,3
BRDA:6,1,1,1
BRDA:18,2,0,3
BRDA:18,2,1,3
BRDA:23,3,0,1
BRDA:23,3,1,3
BRF:8
BRH:8
end_of_record
TN:
SF:/home/vadim/WebstormProjects/post-creator-from-maximarkets-socket-data/validator/index.js
FNF:0
FNH:0
DA:1,1
LF:1
LH:1
BRF:0
BRH:0
end_of_record
TN:
SF:/home/vadim/WebstormProjects/post-creator-from-maximarkets-socket-data/validator/rateValidator.js
FN:3,rateValidator
FN:10,(anonymous_1)
FNF:2
FNH:2
FNDA:5,rateValidator
FNDA:6,(anonymous_1)
DA:1,2
DA:4,5
DA:9,5
DA:10,6
DA:17,1
DA:20,2
LF:6
LH:6
BRDA:9,0,0,4
BRDA:9,0,1,1
BRDA:10,1,0,6
BRDA:10,1,1,3
BRF:4
BRH:4
end_of_record
TN:
SF:/home/vadim/WebstormProjects/post-creator-from-maximarkets-socket-data/validator/signalValidator.js
FN:3,signalValidator
FN:20,(anonymous_1)
FN:20,(anonymous_2)
FNF:3
FNH:3
FNDA:3,signalValidator
FNDA:8,(anonymous_1)
FNDA:9,(anonymous_2)
DA:1,2
DA:4,3
DA:5,2
DA:11,2
DA:20,9
DA:27,1
DA:30,2
LF:7
LH:7
BRDA:4,0,0,2
BRDA:4,0,1,1
BRDA:20,1,0,2
BRDA:20,1,1,2
BRDA:20,2,0,8
BRDA:20,2,1,8
BRF:6
BRH:6
end_of_record
TN:
SF:/home/vadim/WebstormProjects/post-creator-from-maximarkets-socket-data/validator/wobjectValidator.js
FN:5,wobjectValidator
FN:9,(anonymous_1)
FNF:2
FNH:2
FNDA:9,wobjectValidator
FNDA:8,(anonymous_1)
DA:1,2
DA:3,2
DA:6,9
DA:7,8
DA:8,8
DA:9,8
DA:11,4
DA:12,2
DA:13,2
DA:14,1
DA:19,8
DA:22,2
LF:12
LH:12
BRDA:6,0,0,8
BRDA:6,0,1,1
BRDA:8,1,0,4
BRDA:8,1,1,4
BRDA:8,2,0,8
BRDA:8,2,1,4
BRDA:11,3,0,2
BRDA:11,3,1,2
BRDA:13,4,0,1
BRDA:13,4,1,1
BRF:10
BRH:10
end_of_record
